
clean:
ccAntProgress -- clean
   [delete] Deleting directory /Users/gkoh/Workspace/main/philo/AMP/dev/build/lib
   [delete] Deleting directory /Users/gkoh/Workspace/main/philo/AMP/dev/build/dist/sushi
   [delete] Deleting directory /Users/gkoh/Workspace/main/philo/AMP/dev/build/dist/modrunner
   [delete] Deleting directory /Users/gkoh/Workspace/main/philo/AMP/dev/build/dist/champ
   [delete] Deleting directory /Users/gkoh/Workspace/main/philo/AMP/dev/build/dist
   [delete] Deleting directory /Users/gkoh/Workspace/main/philo/AMP/dev/build/unittests
   [delete] Deleting directory /Users/gkoh/Workspace/main/philo/AMP/dev/build/report
   [delete] Deleting directory /Users/gkoh/Workspace/main/philo/AMP/dev/build/asdocs

declare:
ccAntProgress -- declare

exeHack:
ccAntProgress -- exeHack
     [echo] Configured for !Windows

init:
ccAntProgress -- init
    [mkdir] Created dir: /Users/gkoh/Workspace/main/philo/AMP/dev/build/lib
    [mkdir] Created dir: /Users/gkoh/Workspace/main/philo/AMP/dev/build/dist
    [mkdir] Created dir: /Users/gkoh/Workspace/main/philo/AMP/dev/build/dist/sushi
    [mkdir] Created dir: /Users/gkoh/Workspace/main/philo/AMP/dev/build/dist/modrunner
    [mkdir] Created dir: /Users/gkoh/Workspace/main/philo/AMP/dev/build/dist/champ
    [mkdir] Created dir: /Users/gkoh/Workspace/main/philo/AMP/dev/build/unittests
    [mkdir] Created dir: /Users/gkoh/Workspace/main/philo/AMP/dev/build/report
    [mkdir] Created dir: /Users/gkoh/Workspace/main/philo/AMP/dev/build/asdocs

source.sync:
ccAntProgress -- source.sync
   [p4sync] //depot/main/philo/AMP/dev/... - file(s) up-to-date.
   [p4sync] //depot/main/philo/AMP/Other/... - file(s) up-to-date.
ccAntProgress -- utils

utils:
    [compc] Loading configuration file /Users/gkoh/Workspace/main/philo/AMP/dev/Utils/utils-build-config.xml
    [compc] /Users/gkoh/Workspace/main/philo/AMP/dev/build/lib/Utils.swc (476537 bytes)

syndication:
ccAntProgress -- syndication
    [compc] Loading configuration file /Users/gkoh/Workspace/main/philo/AMP/dev/Syndication/syndication-build-config.xml
    [compc] /Users/gkoh/Workspace/main/philo/AMP/dev/build/lib/Syndication.swc (202148 bytes)

yama:
ccAntProgress -- yama
    [compc] Loading configuration file /Users/gkoh/Workspace/main/philo/AMP/dev/Yama/yama-build-config.xml
    [compc] /Users/gkoh/Workspace/main/philo/AMP/dev/build/lib/Yama.swc (539686 bytes)

sushicontract:
ccAntProgress -- sushicontract
    [compc] Loading configuration file /Users/gkoh/Workspace/main/philo/AMP/dev/SushiContract/sushicontract-build-config.xml
    [compc] /Users/gkoh/Workspace/main/philo/AMP/dev/build/lib/SushiContract.swc (35865 bytes)

sushi.compile:
ccAntProgress -- sushi.compile
    [mxmlc] Loading configuration file /Users/gkoh/Workspace/main/philo/AMP/dev/Sushi/sushi-build-config.xml
    [mxmlc] /Users/gkoh/Workspace/main/philo/AMP/dev/build/lib/Sushi.swf (533820 bytes)

document.sushi:ccAntProgress -- document.sushi

     [echo] Building Sushi Docs
     [exec] Loading configuration file /Users/gkoh/Workspace/main/philo/AMP/dev/build/apollo/3.1.0/frameworks/flex-config.xml
     [exec] /Users/gkoh/Workspace/main/philo/AMP/dev/Sushi/com/adobe/sushi/view/renderers/FeedRenderer.as(57): col: 23 Warning: The constant was not initialized.
     [exec] 
     [exec] 		public static const imageIcon:Class;
     [exec] 		                    ^
     [exec] 
     [exec] /Users/gkoh/Workspace/main/philo/AMP/dev/Sushi/com/adobe/sushi/view/renderers/FeedRenderer.as(59): col: 23 Warning: The constant was not initialized.
     [exec] 
     [exec] 		public static const feedIcon:Class;
     [exec] 		                    ^
     [exec] 
     [exec] /Users/gkoh/Workspace/main/philo/AMP/dev/Sushi/com/adobe/sushi/view/renderers/FeedRenderer.as(61): col: 23 Warning: The constant was not initialized.
     [exec] 
     [exec] 		public static const episodeIcon:Class;
     [exec] 		                    ^
     [exec] 
     [exec] /Users/gkoh/Workspace/main/philo/AMP/dev/Sushi/com/adobe/sushi/view/renderers/FeedRenderer.as(63): col: 23 Warning: The constant was not initialized.
     [exec] 
     [exec] 		public static const linkIcon:Class;
     [exec] 		                    ^
     [exec] 
     [exec] /Users/gkoh/Workspace/main/philo/AMP/dev/Sushi/com/adobe/sushi/view/renderers/FeedRenderer.as(65): col: 23 Warning: The constant was not initialized.
     [exec] 
     [exec] 		public static const categoryIcon:Class;
     [exec] 		                    ^
     [exec] 
     [exec] /Users/gkoh/Workspace/main/philo/AMP/dev/Sushi/com/adobe/sushi/view/renderers/FeedRenderer.as(67): col: 23 Warning: The constant was not initialized.
     [exec] 
     [exec] 		public static const personIcon:Class;
     [exec] 		                    ^
     [exec] 
     [exec] /Users/gkoh/Workspace/main/philo/AMP/dev/Sushi/com/adobe/sushi/view/renderers/FeedRenderer.as(69): col: 23 Warning: The constant was not initialized.
     [exec] 
     [exec] 		public static const moduleIcon:Class;
     [exec] 		                    ^
     [exec] 
     [exec] /Users/gkoh/Workspace/main/philo/AMP/dev/Sushi/Sushi.mxml(26): Warning: CSS type selectors are not supported in components: 'Panel'
     [exec] 
     [exec] 	layout					="absolute"
     [exec] 
     [exec] /Users/gkoh/Workspace/main/philo/AMP/dev/Sushi/Sushi.mxml(33): Warning: CSS type selectors are not supported in components: 'TitleWindow'
     [exec] 
     [exec] 	preinitialize			="{MainWindow.onApplicationPreInit()}"
     [exec] 
     [exec] Error: Could not create toplevel.xml: Cannot run program "/Users/gkoh/Workspace/main/philo/AMP/dev/build/apollo/3.1.0/bin/../frameworks/../asdoc/templates/asDocHelper" (in directory "/Users/gkoh/Workspace/main/philo/AMP/dev/build/apollo/3.1.0/bin/../frameworks/../asdoc/templates"): /Users/gkoh/Workspace/main/philo/AMP/dev/build/apollo/3.1.0/bin/../frameworks/../asdoc/templates/asDocHelper: cannot execute
     [exec] 
     [exec] Result: 1

sushi.package:
ccAntProgress -- sushi.package
     [copy] Copying 1 file to /Users/gkoh/Workspace/main/philo/AMP/dev/build/dist/sushi
     [copy] Copying 1 file to /Users/gkoh/Workspace/main/philo/AMP/dev/build/dist/sushi

sushi.cruisecontrol.publish.nightly:
ccAntProgress -- sushi.cruisecontrol.publish.nightly
     [copy] Copying 1 file to /Users/gkoh/Desktop/builds/tools/sushi/nightly/453330
   [delete] Deleting directory /Users/gkoh/Desktop/builds/tools/sushi/nightly/453330/docs
    [mkdir] Created dir: /Users/gkoh/Desktop/builds/tools/sushi/nightly/453330/docs
     [copy] Copied 1 empty directory to 1 empty directory under /Users/gkoh/Desktop/builds/tools/sushi/nightly/453330/docs
     [echo] Removing old symbolic link
     [echo] Creating new symbolic link

slave.build.sushi.nightly:

core:
ccAntProgress -- slave.build.sushi.nightly
ccAntProgress -- core
    [compc] Loading configuration file /Users/gkoh/Workspace/main/philo/AMP/dev/Core/core-build-config.xml
    [compc] /Users/gkoh/Workspace/main/philo/AMP/dev/build/lib/Core.swc (134559 bytes)

persistence:ccAntProgress -- persistence

    [compc] Loading configuration file /Users/gkoh/Workspace/main/philo/AMP/dev/Persistence/persistence-build-config.xml
    [compc] /Users/gkoh/Workspace/main/philo/AMP/dev/build/lib/Persistence.swc (664274 bytes)
ccAntProgress -- videocontrol
videocontrol:

    [compc] Loading configuration file /Users/gkoh/Workspace/main/philo/AMP/dev/VideoControl/videocontrol-build-config.xml
    [compc] /Users/gkoh/Workspace/main/philo/AMP/dev/build/lib/VideoControl.swc (422325 bytes)

subsystems:ccAntProgress -- subsystems

    [compc] Loading configuration file /Users/gkoh/Workspace/main/philo/AMP/dev/Subsystems/subsystems-build-config.xml
    [compc] /Users/gkoh/Workspace/main/philo/AMP/dev/build/lib/Subsystems.swc (1128461 bytes)

champ.compile:
ccAntProgress -- champ.compile
    [mxmlc] Loading configuration file /Users/gkoh/Workspace/main/philo/AMP/Other/CHAMP/champ-build-config.xml
    [mxmlc] /Users/gkoh/Workspace/main/philo/AMP/dev/build/lib/CHAMP.swf (529681 bytes)

document.champ:ccAntProgress -- document.champ

     [echo] Building CHAMP Docs
     [exec] Loading configuration file /Users/gkoh/Workspace/main/philo/AMP/dev/build/apollo/3.1.0/frameworks/flex-config.xml
     [exec] Error: Could not create toplevel.xml: Cannot run program "/Users/gkoh/Workspace/main/philo/AMP/dev/build/apollo/3.1.0/bin/../frameworks/../asdoc/templates/asDocHelper" (in directory "/Users/gkoh/Workspace/main/philo/AMP/dev/build/apollo/3.1.0/bin/../frameworks/../asdoc/templates"): /Users/gkoh/Workspace/main/philo/AMP/dev/build/apollo/3.1.0/bin/../frameworks/../asdoc/templates/asDocHelper: cannot execute
     [exec] 
     [exec] Result: 1

champ.package:
     [copy] Copying 1 file to /Users/gkoh/Workspace/main/philo/AMP/dev/build/dist/champccAntProgress -- champ.package

     [copy] Copying 1 file to /Users/gkoh/Workspace/main/philo/AMP/dev/build/dist/champ
     [copy] Copying 4 files to /Users/gkoh/Workspace/main/philo/AMP/dev/build/dist/champ/assets

champ.cruisecontrol.publish.nightly:
     [copy] Copying 1 file to /Users/gkoh/Desktop/builds/tools/champ/nightly/453330
ccAntProgress -- champ.cruisecontrol.publish.nightly
   [delete] Deleting directory /Users/gkoh/Desktop/builds/tools/champ/nightly/453330/docs
    [mkdir] Created dir: /Users/gkoh/Desktop/builds/tools/champ/nightly/453330/docs
     [copy] Copied 2 empty directories to 2 empty directories under /Users/gkoh/Desktop/builds/tools/champ/nightly/453330/docs
     [echo] Removing old symbolic link
     [echo] Creating new symbolic link

slave.build.champ.nightly:

ampunit:ccAntProgress -- slave.build.champ.nightly

ccAntProgress -- ampunit
    [compc] Loading configuration file /Users/gkoh/Workspace/main/philo/AMP/dev/AMPUnit/ampunit-build-config.xml
    [compc] /Users/gkoh/Workspace/main/philo/AMP/dev/build/lib/AMPUnit.swc (935071 bytes)

sushitest.run:ccAntProgress -- sushitest.run

     [echo] Compiling Sushi Unit Tests
    [mkdir] Created dir: /Users/gkoh/Workspace/main/philo/AMP/dev/build/unittests/SushiTest
    [mxmlc] Loading configuration file /Users/gkoh/Workspace/main/philo/AMP/dev/SushiTest/sushitest-build-config.xml
    [mxmlc] /Users/gkoh/Workspace/main/philo/AMP/dev/build/unittests/SushiTest/SushiTest.swf (616410 bytes)
     [echo] Running Sushi Unit Tests
     [copy] Copying 1 file to /Users/gkoh/Workspace/main/philo/AMP/dev/build/unittests/SushiTest
     [copy] Copying 1 file to /Users/gkoh/Workspace/main/philo/AMP/dev/build/unittests/SushiTest/assets
     [echo] Executing /Users/gkoh/Workspace/main/philo/AMP/dev/build/unittests/SushiTest/SushiTest-app.xml with ADL...
     [exec] Result: 8
     [echo] Execution complete.

champtest.run:
     [echo] Compiling CHAMP Unit Tests
ccAntProgress -- champtest.run
    [mkdir] Created dir: /Users/gkoh/Workspace/main/philo/AMP/dev/build/unittests/CHAMPTest
    [mxmlc] Loading configuration file /Users/gkoh/Workspace/main/philo/AMP/Other/CHAMPTest/champtest-build-config.xml
    [mxmlc] /Users/gkoh/Workspace/main/philo/AMP/dev/build/unittests/CHAMPTest/CHAMPTest.swf (500979 bytes)
     [echo] Running CHAMP Unit Tests
     [copy] Copying 1 file to /Users/gkoh/Workspace/main/philo/AMP/dev/build/unittests/CHAMPTest
     [echo] Executing /Users/gkoh/Workspace/main/philo/AMP/dev/build/unittests/CHAMPTest/CHAMPTest-app.xml with ADL...
     [echo] Execution complete.

unittests.tools.all.run:ccAntProgress -- unittests.tools.all.run


launch.amp.champ:
ccAntProgress -- launch.amp.champ
     [echo] Running CHAMP Acceptance Tests
     [echo] Executing @{descriptor} with ADL...
     [exec] application descriptor not found
     [exec] Result: 6
     [echo] Execution complete.

slave.build.tools.nightly:
ccAntProgress -- slave.build.tools.nightly

BUILD SUCCESSFUL
Total time: 2 minutes 55 seconds
